生成启动时间为 2020/1/19 14:41:44。
     1>项目“E:\git\KernelResearch\FreeRDP-master\Experimental.vcxproj”在节点 3 上(Build 个目标)。
     1>CustomBuild:
            Site: DESKTOP-TRR4N1U
            Build name: Win32-MSBuild
         Create new tag: 20200119-0641 - Experimental
         Configure project
            Each . represents 1024 bytes of output
             ..... Size of output: 4K
         Build project
            Each symbol represents 1024 bytes of output.
            '!' represents an error and '*' a warning.
             .!!!!!!!!!!!!!!!!!!...............................  Size: 49K
             ..*** Size of output: 55K
         Error(s) when building project
            50 or more Compiler errors
            12 Compiler warnings
         Test project E:/git/KernelResearch/FreeRDP-master
                 Start   1: TestSynchInit
           1/173 Test   #1: TestSynchInit ............................   Passed    1.77 sec
                 Start   2: TestSynchEvent
           2/173 Test   #2: TestSynchEvent ...........................   Passed    0.01 sec
                 Start   3: TestSynchMutex
           3/173 Test   #3: TestSynchMutex ...........................   Passed    0.14 sec
                 Start   4: TestSynchBarrier
           4/173 Test   #4: TestSynchBarrier .........................   Passed   14.23 sec
                 Start   5: TestSynchCritical
           5/173 Test   #5: TestSynchCritical ........................   Passed    2.16 sec
                 Start   6: TestSynchSemaphore
           6/173 Test   #6: TestSynchSemaphore .......................   Passed    0.02 sec
                 Start   7: TestSynchThread
           7/173 Test   #7: TestSynchThread ..........................   Passed    2.03 sec
                 Start   8: TestSynchMultipleThreads
           8/173 Test   #8: TestSynchMultipleThreads .................   Passed    0.61 sec
                 Start   9: TestSynchTimerQueue
           9/173 Test   #9: TestSynchTimerQueue ......................   Passed    4.96 sec
                 Start  10: TestSynchWaitableTimer
          10/173 Test  #10: TestSynchWaitableTimer ...................   Passed    3.52 sec
                 Start  11: TestSynchWaitableTimerAPC
          11/173 Test  #11: TestSynchWaitableTimerAPC ................   Passed    9.54 sec
                 Start  12: TestLocaleFormatMessage
          12/173 Test  #12: TestLocaleFormatMessage ..................   Passed    0.04 sec
                 Start  13: TestLibraryLoadLibrary
          13/173 Test  #13: TestLibraryLoadLibrary ...................   Passed    0.02 sec
                 Start  14: TestLibraryGetProcAddress
          14/173 Test  #14: TestLibraryGetProcAddress ................   Passed    0.02 sec
                 Start  15: TestLibraryGetModuleFileName
          15/173 Test  #15: TestLibraryGetModuleFileName .............   Passed    0.02 sec
                 Start  16: TestFileCreateFile
          16/173 Test  #16: TestFileCreateFile .......................   Passed    0.02 sec
                 Start  17: TestFileDeleteFile
          17/173 Test  #17: TestFileDeleteFile .......................   Passed    0.02 sec
                 Start  18: TestFileReadFile
          18/173 Test  #18: TestFileReadFile .........................   Passed    0.02 sec
                 Start  19: TestFileWriteFile
          19/173 Test  #19: TestFileWriteFile ........................   Passed    0.02 sec
                 Start  20: TestFilePatternMatch
          20/173 Test  #20: TestFilePatternMatch .....................   Passed    0.02 sec
                 Start  21: TestFileFindFirstFile
          21/173 Test  #21: TestFileFindFirstFile ....................   Passed    0.02 sec
                 Start  22: TestFileFindFirstFileEx
          22/173 Test  #22: TestFileFindFirstFileEx ..................   Passed    0.02 sec
                 Start  23: TestFileFindNextFile
          23/173 Test  #23: TestFileFindNextFile .....................   Passed    0.02 sec
                 Start  24: TestFileGetStdHandle
          24/173 Test  #24: TestFileGetStdHandle .....................   Passed    0.02 sec
                 Start  25: TestPipeCreatePipe
          25/173 Test  #25: TestPipeCreatePipe .......................   Passed    0.02 sec
                 Start  26: TestPipeCreateNamedPipe
          26/173 Test  #26: TestPipeCreateNamedPipe ..................   Passed    0.02 sec
                 Start  27: TestPipeCreateNamedPipeOverlapped
          27/173 Test  #27: TestPipeCreateNamedPipeOverlapped ........   Passed    0.02 sec
                 Start  28: TestInterlockedAccess
          28/173 Test  #28: TestInterlockedAccess ....................   Passed    0.01 sec
                 Start  29: TestInterlockedSList
          29/173 Test  #29: TestInterlockedSList .....................   Passed    0.01 sec
                 Start  30: TestInterlockedDList
          30/173 Test  #30: TestInterlockedDList .....................   Passed    0.01 sec
                 Start  31: TestSecurityToken
          31/173 Test  #31: TestSecurityToken ........................   Passed    0.01 sec
                 Start  32: TestEnvironmentGetEnvironmentStrings
          32/173 Test  #32: TestEnvironmentGetEnvironmentStrings .....   Passed    0.01 sec
                 Start  33: TestEnvironmentSetEnvironmentVariable
          33/173 Test  #33: TestEnvironmentSetEnvironmentVariable ....   Passed    0.01 sec
                 Start  34: TestEnvironmentMergeEnvironmentStrings
          34/173 Test  #34: TestEnvironmentMergeEnvironmentStrings ...   Passed    0.01 sec
                 Start  35: TestEnvironmentGetSetEB
          35/173 Test  #35: TestEnvironmentGetSetEB ..................   Passed    0.01 sec
                 Start  36: TestCryptoHash
         Could not find executable E:/git/KernelResearch/FreeRDP-master/TestCrypto
         Looked in the following places:
         E:/git/KernelResearch/FreeRDP-master/TestCrypto
         E:/git/KernelResearch/FreeRDP-master/TestCrypto.exe
         E:/git/KernelResearch/FreeRDP-master/Debug/TestCrypto
         E:/git/KernelResearch/FreeRDP-master/Debug/TestCrypto.exe
         Debug/E:/git/KernelResearch/FreeRDP-master/TestCrypto
         Debug/E:/git/KernelResearch/FreeRDP-master/TestCrypto.exe
         Unable to find executable: E:/git/KernelResearch/FreeRDP-master/TestCrypto
          36/173 Test  #36: TestCryptoHash ...........................***Not Run   0.00 sec
                 Start  37: TestCryptoRand
         Could not find executable E:/git/KernelResearch/FreeRDP-master/TestCrypto
         Looked in the following places:
         E:/git/KernelResearch/FreeRDP-master/TestCrypto
         E:/git/KernelResearch/FreeRDP-master/TestCrypto.exe
         E:/git/KernelResearch/FreeRDP-master/Debug/TestCrypto
         E:/git/KernelResearch/FreeRDP-master/Debug/TestCrypto.exe
         Debug/E:/git/KernelResearch/FreeRDP-master/TestCrypto
         Debug/E:/git/KernelResearch/FreeRDP-master/TestCrypto.exe
         Unable to find executable: E:/git/KernelResearch/FreeRDP-master/TestCrypto
          37/173 Test  #37: TestCryptoRand ...........................***Not Run   0.00 sec
                 Start  38: TestCryptoCipher
         Could not find executable E:/git/KernelResearch/FreeRDP-master/TestCrypto
         Looked in the following places:
         E:/git/KernelResearch/FreeRDP-master/TestCrypto
         E:/git/KernelResearch/FreeRDP-master/TestCrypto.exe
         E:/git/KernelResearch/FreeRDP-master/Debug/TestCrypto
         E:/git/KernelResearch/FreeRDP-master/Debug/TestCrypto.exe
         Debug/E:/git/KernelResearch/FreeRDP-master/TestCrypto
         Debug/E:/git/KernelResearch/FreeRDP-master/TestCrypto.exe
         Unable to find executable: E:/git/KernelResearch/FreeRDP-master/TestCrypto
          38/173 Test  #38: TestCryptoCipher .........................***Not Run   0.00 sec
                 Start  39: TestCryptoProtectData
         Could not find executable E:/git/KernelResearch/FreeRDP-master/TestCrypto
         Looked in the following places:
         E:/git/KernelResearch/FreeRDP-master/TestCrypto
         E:/git/KernelResearch/FreeRDP-master/TestCrypto.exe
         E:/git/KernelResearch/FreeRDP-master/Debug/TestCrypto
         E:/git/KernelResearch/FreeRDP-master/Debug/TestCrypto.exe
         Debug/E:/git/KernelResearch/FreeRDP-master/TestCrypto
         Debug/E:/git/KernelResearch/FreeRDP-master/TestCrypto.exe
         Unable to find executable: E:/git/KernelResearch/FreeRDP-master/TestCrypto
          39/173 Test  #39: TestCryptoProtectData ....................***Not Run   0.00 sec
                 Start  40: TestCryptoProtectMemory
         Could not find executable E:/git/KernelResearch/FreeRDP-master/TestCrypto
         Looked in the following places:
         E:/git/KernelResearch/FreeRDP-master/TestCrypto
         E:/git/KernelResearch/FreeRDP-master/TestCrypto.exe
         E:/git/KernelResearch/FreeRDP-master/Debug/TestCrypto
         E:/git/KernelResearch/FreeRDP-master/Debug/TestCrypto.exe
         Debug/E:/git/KernelResearch/FreeRDP-master/TestCrypto
         Debug/E:/git/KernelResearch/FreeRDP-master/TestCrypto.exe
         Unable to find executable: E:/git/KernelResearch/FreeRDP-master/TestCrypto
          40/173 Test  #40: TestCryptoProtectMemory ..................***Not Run   0.00 sec
                 Start  41: TestCryptoCertEnumCertificatesInStore
         Could not find executable E:/git/KernelResearch/FreeRDP-master/TestCrypto
         Looked in the following places:
         E:/git/KernelResearch/FreeRDP-master/TestCrypto
         E:/git/KernelResearch/FreeRDP-master/TestCrypto.exe
         E:/git/KernelResearch/FreeRDP-master/Debug/TestCrypto
         E:/git/KernelResearch/FreeRDP-master/Debug/TestCrypto.exe
         Debug/E:/git/KernelResearch/FreeRDP-master/TestCrypto
         Debug/E:/git/KernelResearch/FreeRDP-master/TestCrypto.exe
         Unable to find executable: E:/git/KernelResearch/FreeRDP-master/TestCrypto
          41/173 Test  #41: TestCryptoCertEnumCertificatesInStore ....***Not Run   0.00 sec
                 Start  42: TestPathCchAddBackslash
          42/173 Test  #42: TestPathCchAddBackslash ..................   Passed    0.02 sec
                 Start  43: TestPathCchRemoveBackslash
          43/173 Test  #43: TestPathCchRemoveBackslash ...............   Passed    0.02 sec
                 Start  44: TestPathCchAddBackslashEx
          44/173 Test  #44: TestPathCchAddBackslashEx ................   Passed    0.02 sec
                 Start  45: TestPathCchRemoveBackslashEx
          45/173 Test  #45: TestPathCchRemoveBackslashEx .............   Passed    0.02 sec
                 Start  46: TestPathCchAddExtension
          46/173 Test  #46: TestPathCchAddExtension ..................   Passed    0.02 sec
                 Start  47: TestPathCchAppend
          47/173 Test  #47: TestPathCchAppend ........................   Passed    0.02 sec
                 Start  48: TestPathCchAppendEx
          48/173 Test  #48: TestPathCchAppendEx ......................   Passed    0.02 sec
                 Start  49: TestPathCchCanonicalize
          49/173 Test  #49: TestPathCchCanonicalize ..................   Passed    0.02 sec
                 Start  50: TestPathCchCanonicalizeEx
          50/173 Test  #50: TestPathCchCanonicalizeEx ................   Passed    0.02 sec
                 Start  51: TestPathAllocCanonicalize
          51/173 Test  #51: TestPathAllocCanonicalize ................   Passed    0.02 sec
                 Start  52: TestPathCchCombine
          52/173 Test  #52: TestPathCchCombine .......................   Passed    0.02 sec
                 Start  53: TestPathCchCombineEx
          53/173 Test  #53: TestPathCchCombineEx .....................   Passed    0.02 sec
                 Start  54: TestPathAllocCombine
          54/173 Test  #54: TestPathAllocCombine .....................   Passed    0.02 sec
                 Start  55: TestPathCchFindExtension
          55/173 Test  #55: TestPathCchFindExtension .................   Passed    0.02 sec
                 Start  56: TestPathCchRenameExtension
          56/173 Test  #56: TestPathCchRenameExtension ...............   Passed    0.02 sec
                 Start  57: TestPathCchRemoveExtension
          57/173 Test  #57: TestPathCchRemoveExtension ...............   Passed    0.02 sec
                 Start  58: TestPathCchIsRoot
          58/173 Test  #58: TestPathCchIsRoot ........................   Passed    0.02 sec
                 Start  59: TestPathIsUNCEx
          59/173 Test  #59: TestPathIsUNCEx ..........................   Passed    0.02 sec
                 Start  60: TestPathCchSkipRoot
          60/173 Test  #60: TestPathCchSkipRoot ......................   Passed    0.02 sec
                 Start  61: TestPathCchStripToRoot
          61/173 Test  #61: TestPathCchStripToRoot ...................   Passed    0.02 sec
                 Start  62: TestPathCchStripPrefix
          62/173 Test  #62: TestPathCchStripPrefix ...................   Passed    0.02 sec
                 Start  63: TestPathCchRemoveFileSpec
          63/173 Test  #63: TestPathCchRemoveFileSpec ................   Passed    0.02 sec
                 Start  64: TestPathShell
          64/173 Test  #64: TestPathShell ............................   Passed    0.03 sec
                 Start  65: TestPathMakePath
          65/173 Test  #65: TestPathMakePath .........................   Passed    0.03 sec
                 Start  66: TestIoDevice
          66/173 Test  #66: TestIoDevice .............................   Passed    0.01 sec
                 Start  67: TestIoGetOverlappedResult
          67/173 Test  #67: TestIoGetOverlappedResult ................   Passed    0.01 sec
                 Start  68: TestMemoryCreateFileMapping
          68/173 Test  #68: TestMemoryCreateFileMapping ..............   Passed    0.01 sec
                 Start  69: TestIni
          69/173 Test  #69: TestIni ..................................   Passed    0.02 sec
                 Start  70: TestVersion
          70/173 Test  #70: TestVersion ..............................   Passed    0.02 sec
                 Start  71: TestImage
          71/173 Test  #71: TestImage ................................   Passed    0.05 sec
                 Start  72: TestBipBuffer
          72/173 Test  #72: TestBipBuffer ............................   Passed    0.02 sec
                 Start  73: TestBacktrace
          73/173 Test  #73: TestBacktrace ............................   Passed    0.08 sec
                 Start  74: TestQueue
          74/173 Test  #74: TestQueue ................................   Passed    0.02 sec
                 Start  75: TestPrint
          75/173 Test  #75: TestPrint ................................   Passed    0.02 sec
                 Start  76: TestPubSub
          76/173 Test  #76: TestPubSub ...............................   Passed    0.02 sec
                 Start  77: TestStream
          77/173 Test  #77: TestStream ...............................   Passed    0.02 sec
                 Start  78: TestBitStream
          78/173 Test  #78: TestBitStream ............................   Passed    0.02 sec
                 Start  79: TestArrayList
          79/173 Test  #79: TestArrayList ............................   Passed    0.02 sec
                 Start  80: TestLinkedList
          80/173 Test  #80: TestLinkedList ...........................   Passed    0.02 sec
                 Start  81: TestListDictionary
          81/173 Test  #81: TestListDictionary .......................   Passed    0.02 sec
                 Start  82: TestCmdLine
          82/173 Test  #82: TestCmdLine ..............................   Passed    0.02 sec
                 Start  83: TestWLog
          83/173 Test  #83: TestWLog .................................   Passed    0.02 sec
                 Start  84: TestWLogCallback
          84/173 Test  #84: TestWLogCallback .........................***Failed    0.02 sec
                 Start  85: TestHashTable
          85/173 Test  #85: TestHashTable ............................   Passed    0.02 sec
                 Start  86: TestBufferPool
          86/173 Test  #86: TestBufferPool ...........................   Passed    0.02 sec
                 Start  87: TestStreamPool
          87/173 Test  #87: TestStreamPool ...........................   Passed    0.02 sec
                 Start  88: TestMessageQueue
          88/173 Test  #88: TestMessageQueue .........................   Passed    0.02 sec
                 Start  89: TestMessagePipe
          89/173 Test  #89: TestMessagePipe ..........................   Passed    0.02 sec
                 Start  90: TestErrorSetLastError
          90/173 Test  #90: TestErrorSetLastError ....................   Passed    2.08 sec
                 Start  91: TestComReference
          91/173 Test  #91: TestComReference .........................   Passed    0.01 sec
                 Start  92: TestGetNativeSystemInfo
          92/173 Test  #92: TestGetNativeSystemInfo ..................   Passed    0.01 sec
                 Start  93: TestCPUFeatures
          93/173 Test  #93: TestCPUFeatures ..........................   Passed    0.01 sec
                 Start  94: TestGetComputerName
          94/173 Test  #94: TestGetComputerName ......................   Passed    0.02 sec
                 Start  95: TestSystemTime
          95/173 Test  #95: TestSystemTime ...........................   Passed    0.01 sec
                 Start  96: TestLocalTime
          96/173 Test  #96: TestLocalTime ............................   Passed    0.03 sec
                 Start  97: TestPoolIO
          97/173 Test  #97: TestPoolIO ...............................   Passed    0.03 sec
                 Start  98: TestPoolSynch
          98/173 Test  #98: TestPoolSynch ............................   Passed    0.01 sec
                 Start  99: TestPoolThread
          99/173 Test  #99: TestPoolThread ...........................   Passed    0.02 sec
                 Start 100: TestPoolTimer
         100/173 Test #100: TestPoolTimer ............................   Passed    0.01 sec
                 Start 101: TestPoolWork
         101/173 Test #101: TestPoolWork .............................   Passed    0.01 sec
                 Start 102: TestThreadCommandLineToArgv
         102/173 Test #102: TestThreadCommandLineToArgv ..............   Passed    0.02 sec
                 Start 103: TestThreadCreateProcess
         103/173 Test #103: TestThreadCreateProcess ..................   Passed    0.04 sec
                 Start 104: TestThreadExitThread
         104/173 Test #104: TestThreadExitThread .....................   Passed    3.62 sec
                 Start 105: TestQuerySecurityPackageInfo
         Could not find executable E:/git/KernelResearch/FreeRDP-master/TestSspi
         Looked in the following places:
         E:/git/KernelResearch/FreeRDP-master/TestSspi
         E:/git/KernelResearch/FreeRDP-master/TestSspi.exe
         E:/git/KernelResearch/FreeRDP-master/Debug/TestSspi
         E:/git/KernelResearch/FreeRDP-master/Debug/TestSspi.exe
         Debug/E:/git/KernelResearch/FreeRDP-master/TestSspi
         Debug/E:/git/KernelResearch/FreeRDP-master/TestSspi.exe
         Unable to find executable: E:/git/KernelResearch/FreeRDP-master/TestSspi
         105/173 Test #105: TestQuerySecurityPackageInfo .............***Not Run   0.00 sec
                 Start 106: TestEnumerateSecurityPackages
         Could not find executable E:/git/KernelResearch/FreeRDP-master/TestSspi
         Looked in the following places:
         E:/git/KernelResearch/FreeRDP-master/TestSspi
         E:/git/KernelResearch/FreeRDP-master/TestSspi.exe
         E:/git/KernelResearch/FreeRDP-master/Debug/TestSspi
         E:/git/KernelResearch/FreeRDP-master/Debug/TestSspi.exe
         Debug/E:/git/KernelResearch/FreeRDP-master/TestSspi
         Debug/E:/git/KernelResearch/FreeRDP-master/TestSspi.exe
         Unable to find executable: E:/git/KernelResearch/FreeRDP-master/TestSspi
         106/173 Test #106: TestEnumerateSecurityPackages ............***Not Run   0.00 sec
                 Start 107: TestInitializeSecurityContext
         Could not find executable E:/git/KernelResearch/FreeRDP-master/TestSspi
         Looked in the following places:
         E:/git/KernelResearch/FreeRDP-master/TestSspi
         E:/git/KernelResearch/FreeRDP-master/TestSspi.exe
         E:/git/KernelResearch/FreeRDP-master/Debug/TestSspi
         E:/git/KernelResearch/FreeRDP-master/Debug/TestSspi.exe
         Debug/E:/git/KernelResearch/FreeRDP-master/TestSspi
         Debug/E:/git/KernelResearch/FreeRDP-master/TestSspi.exe
         Unable to find executable: E:/git/KernelResearch/FreeRDP-master/TestSspi
         107/173 Test #107: TestInitializeSecurityContext ............***Not Run   0.00 sec
                 Start 108: TestAcquireCredentialsHandle
         Could not find executable E:/git/KernelResearch/FreeRDP-master/TestSspi
         Looked in the following places:
         E:/git/KernelResearch/FreeRDP-master/TestSspi
         E:/git/KernelResearch/FreeRDP-master/TestSspi.exe
         E:/git/KernelResearch/FreeRDP-master/Debug/TestSspi
         E:/git/KernelResearch/FreeRDP-master/Debug/TestSspi.exe
         Debug/E:/git/KernelResearch/FreeRDP-master/TestSspi
         Debug/E:/git/KernelResearch/FreeRDP-master/TestSspi.exe
         Unable to find executable: E:/git/KernelResearch/FreeRDP-master/TestSspi
         108/173 Test #108: TestAcquireCredentialsHandle .............***Not Run   0.00 sec
                 Start 109: TestCredSSP
         Could not find executable E:/git/KernelResearch/FreeRDP-master/TestSspi
         Looked in the following places:
         E:/git/KernelResearch/FreeRDP-master/TestSspi
         E:/git/KernelResearch/FreeRDP-master/TestSspi.exe
         E:/git/KernelResearch/FreeRDP-master/Debug/TestSspi
         E:/git/KernelResearch/FreeRDP-master/Debug/TestSspi.exe
         Debug/E:/git/KernelResearch/FreeRDP-master/TestSspi
         Debug/E:/git/KernelResearch/FreeRDP-master/TestSspi.exe
         Unable to find executable: E:/git/KernelResearch/FreeRDP-master/TestSspi
         109/173 Test #109: TestCredSSP ..............................***Not Run   0.00 sec
                 Start 110: TestNTLM
         Could not find executable E:/git/KernelResearch/FreeRDP-master/TestSspi
         Looked in the following places:
         E:/git/KernelResearch/FreeRDP-master/TestSspi
         E:/git/KernelResearch/FreeRDP-master/TestSspi.exe
         E:/git/KernelResearch/FreeRDP-master/Debug/TestSspi
         E:/git/KernelResearch/FreeRDP-master/Debug/TestSspi.exe
         Debug/E:/git/KernelResearch/FreeRDP-master/TestSspi
         Debug/E:/git/KernelResearch/FreeRDP-master/TestSspi.exe
         Unable to find executable: E:/git/KernelResearch/FreeRDP-master/TestSspi
         110/173 Test #110: TestNTLM .................................***Not Run   0.00 sec
                 Start 111: TestAsn1Module
         111/173 Test #111: TestAsn1Module ...........................   Passed    0.01 sec
                 Start 112: TestAsn1Encoder
         112/173 Test #112: TestAsn1Encoder ..........................   Passed    0.01 sec
                 Start 113: TestAsn1Decoder
         113/173 Test #113: TestAsn1Decoder ..........................   Passed    0.01 sec
                 Start 114: TestAsn1Encode
         114/173 Test #114: TestAsn1Encode ...........................   Passed    0.01 sec
                 Start 115: TestAsn1Decode
         115/173 Test #115: TestAsn1Decode ...........................   Passed    0.01 sec
                 Start 116: TestAsn1String
         116/173 Test #116: TestAsn1String ...........................   Passed    0.01 sec
                 Start 117: TestAsn1Integer
         117/173 Test #117: TestAsn1Integer ..........................   Passed    0.01 sec
                 Start 118: TestAsn1Compare
         118/173 Test #118: TestAsn1Compare ..........................   Passed    0.01 sec
                 Start 119: TestAsn1BerEnc
         119/173 Test #119: TestAsn1BerEnc ...........................   Passed    0.01 sec
                 Start 120: TestAsn1BerDec
         120/173 Test #120: TestAsn1BerDec ...........................   Passed    0.01 sec
                 Start 121: TestAsn1DerEnc
         121/173 Test #121: TestAsn1DerEnc ...........................   Passed    0.01 sec
                 Start 122: TestAsn1DerDec
         122/173 Test #122: TestAsn1DerDec ...........................   Passed    0.01 sec
                 Start 123: TestTypes
         123/173 Test #123: TestTypes ................................   Passed    0.01 sec
                 Start 124: TestFormatSpecifiers
         124/173 Test #124: TestFormatSpecifiers .....................   Passed    0.01 sec
                 Start 125: TestAlignment
         125/173 Test #125: TestAlignment ............................   Passed    0.01 sec
                 Start 126: TestString
         126/173 Test #126: TestString ...............................   Passed    0.01 sec
                 Start 127: TestUnicodeConversion
         127/173 Test #127: TestUnicodeConversion ....................   Passed    0.01 sec
                 Start 128: TestCredUIParseUserName
         128/173 Test #128: TestCredUIParseUserName ..................   Passed    0.01 sec
                 Start 129: TestCredUIConfirmCredentials
         129/173 Test #129: TestCredUIConfirmCredentials .............   Passed    0.01 sec
                 Start 130: TestCredUIPromptForCredentials
     1>C:\Program Files (x86)\MSBuild\Microsoft.Cpp\v4.0\V120\Microsoft.CppCommon.targets(170,5): warning MSB4220: 等待当前正在执行的任务“CustomBuild”取消。
     1>C:\Program Files (x86)\MSBuild\Microsoft.Cpp\v4.0\V120\Microsoft.CppCommon.targets(170,5): warning MSB4220: 等待当前正在执行的任务“CustomBuild”取消。
     1>C:\Program Files (x86)\MSBuild\Microsoft.Cpp\v4.0\V120\Microsoft.CppCommon.targets(170,5): warning MSB4220: 等待当前正在执行的任务“CustomBuild”取消。
     1>C:\Program Files (x86)\MSBuild\Microsoft.Cpp\v4.0\V120\Microsoft.CppCommon.targets(170,5): warning MSB4220: 等待当前正在执行的任务“CustomBuild”取消。
     1>C:\Program Files (x86)\MSBuild\Microsoft.Cpp\v4.0\V120\Microsoft.CppCommon.targets(170,5): warning MSB4220: 等待当前正在执行的任务“CustomBuild”取消。
     1>C:\Program Files (x86)\MSBuild\Microsoft.Cpp\v4.0\V120\Microsoft.CppCommon.targets(170,5): warning MSB4220: 等待当前正在执行的任务“CustomBuild”取消。
     1>C:\Program Files (x86)\MSBuild\Microsoft.Cpp\v4.0\V120\Microsoft.CppCommon.targets(170,5): warning MSB4220: 等待当前正在执行的任务“CustomBuild”取消。
         130/173 Test #130: TestCredUIPromptForCredentials ...........***Failed  125.17 sec
                 Start 131: TestCredUICmdLinePromptForCredentials
         131/173 Test #131: TestCredUICmdLinePromptForCredentials ....***Failed    1.09 sec
                 Start 132: TestWtsApiEnumerateProcesses
         132/173 Test #132: TestWtsApiEnumerateProcesses .............   Passed    0.03 sec
                 Start 133: TestWtsApiEnumerateSessions
         133/173 Test #133: TestWtsApiEnumerateSessions ..............   Passed    0.02 sec
                 Start 134: TestWtsApiQuerySessionInformation
         134/173 Test #134: TestWtsApiQuerySessionInformation ........   Passed    0.03 sec
                 Start 135: TestWtsApiSessionNotification
         135/173 Test #135: TestWtsApiSessionNotification ............   Passed    0.03 sec
                 Start 136: TestDsMakeSpn
         136/173 Test #136: TestDsMakeSpn ............................   Passed    0.01 sec
                 Start 137: TestDsCrackNames
         137/173 Test #137: TestDsCrackNames .........................   Passed    0.01 sec
                 Start 138: TestWndCreateWindowEx
         138/173 Test #138: TestWndCreateWindowEx ....................   Passed    0.02 sec
                 Start 139: TestWndWmCopyData
         139/173 Test #139: TestWndWmCopyData ........................   Passed    0.03 sec
                 Start 140: TestSmartCardListReaders
         140/173 Test #140: TestSmartCardListReaders .................   Passed    0.02 sec
                 Start 141: TestNtCreateFile
         141/173 Test #141: TestNtCreateFile .........................   Passed    0.02 sec
                 Start 142: TestNtCurrentTeb
         142/173 Test #142: TestNtCurrentTeb .........................   Passed    0.02 sec
                 Start 143: TestClipboardFormats
         143/173 Test #143: TestClipboardFormats .....................   Passed    0.02 sec
                 Start 144: TestIntrinsics
         144/173 Test #144: TestIntrinsics ...........................   Passed    0.02 sec
                 Start 145: TestTypes
         145/173 Test #145: TestTypes ................................   Passed    0.02 sec
                 Start 146: TestRingBuffer
         146/173 Test #146: TestRingBuffer ...........................   Passed    0.01 sec
                 Start 147: TestCommonAssistance
         Could not find executable E:/git/KernelResearch/FreeRDP-master/TestCommon
         Looked in the following places:
         E:/git/KernelResearch/FreeRDP-master/TestCommon
         E:/git/KernelResearch/FreeRDP-master/TestCommon.exe
         E:/git/KernelResearch/FreeRDP-master/Debug/TestCommon
         E:/git/KernelResearch/FreeRDP-master/Debug/TestCommon.exe
         Debug/E:/git/KernelResearch/FreeRDP-master/TestCommon
         Debug/E:/git/KernelResearch/FreeRDP-master/TestCommon.exe
         Unable to find executable: E:/git/KernelResearch/FreeRDP-master/TestCommon
         147/173 Test #147: TestCommonAssistance .....................***Not Run   0.00 sec
                 Start 148: TestGdiRop3
         148/173 Test #148: TestGdiRop3 ..............................   Passed    0.02 sec
                 Start 149: TestGdiLine
         149/173 Test #149: TestGdiLine ..............................   Passed    0.02 sec
                 Start 150: TestGdiRect
         150/173 Test #150: TestGdiRect ..............................   Passed    0.02 sec
                 Start 151: TestGdiBitBlt
     1>C:\Program Files (x86)\MSBuild\Microsoft.Cpp\v4.0\V120\Microsoft.CppCommon.targets(170,5): warning MSB4220: 等待当前正在执行的任务“CustomBuild”取消。
         151/173 Test #151: TestGdiBitBlt ............................***Failed    2.54 sec
                 Start 152: TestGdiCreate
         152/173 Test #152: TestGdiCreate ............................   Passed    0.04 sec
                 Start 153: TestGdiEllipse
         153/173 Test #153: TestGdiEllipse ...........................   Passed    0.02 sec
                 Start 154: TestGdiClip
         154/173 Test #154: TestGdiClip ..............................   Passed    0.02 sec
                 Start 155: TestKnownHosts
         155/173 Test #155: TestKnownHosts ...........................   Passed    0.04 sec
                 Start 156: TestBase64
         156/173 Test #156: TestBase64 ...............................   Passed    0.02 sec
                 Start 157: Test_x509_cert_info
         157/173 Test #157: Test_x509_cert_info ......................   Passed    0.03 sec
                 Start 158: TestVersion
         Could not find executable E:/git/KernelResearch/FreeRDP-master/TestCore
         Looked in the following places:
         E:/git/KernelResearch/FreeRDP-master/TestCore
         E:/git/KernelResearch/FreeRDP-master/TestCore.exe
         E:/git/KernelResearch/FreeRDP-master/Debug/TestCore
         E:/git/KernelResearch/FreeRDP-master/Debug/TestCore.exe
         Debug/E:/git/KernelResearch/FreeRDP-master/TestCore
         Debug/E:/git/KernelResearch/FreeRDP-master/TestCore.exe
         158/173 Test #158: TestVersion ..............................***Not Run   0.00 sec
         Unable to find executable: E:/git/KernelResearch/FreeRDP-master/TestCore
                 Start 159: TestSettings
         Could not find executable E:/git/KernelResearch/FreeRDP-master/TestCore
         Looked in the following places:
         E:/git/KernelResearch/FreeRDP-master/TestCore
         E:/git/KernelResearch/FreeRDP-master/TestCore.exe
         E:/git/KernelResearch/FreeRDP-master/Debug/TestCore
         E:/git/KernelResearch/FreeRDP-master/Debug/TestCore.exe
         Debug/E:/git/KernelResearch/FreeRDP-master/TestCore
         Debug/E:/git/KernelResearch/FreeRDP-master/TestCore.exe
         159/173 Test #159: TestSettings .............................***Not Run   0.00 sec
         Unable to find executable: E:/git/KernelResearch/FreeRDP-master/TestCore
                 Start 160: TestFreeRDPRegion
         Could not find executable E:/git/KernelResearch/FreeRDP-master/TestFreeRDPCodec
         Looked in the following places:
         E:/git/KernelResearch/FreeRDP-master/TestFreeRDPCodec
         E:/git/KernelResearch/FreeRDP-master/TestFreeRDPCodec.exe
         E:/git/KernelResearch/FreeRDP-master/Debug/TestFreeRDPCodec
         E:/git/KernelResearch/FreeRDP-master/Debug/TestFreeRDPCodec.exe
         Debug/E:/git/KernelResearch/FreeRDP-master/TestFreeRDPCodec
         Debug/E:/git/KernelResearch/FreeRDP-master/TestFreeRDPCodec.exe
         160/173 Test #160: TestFreeRDPRegion ........................***Not Run   0.00 sec
         Unable to find executable: E:/git/KernelResearch/FreeRDP-master/TestFreeRDPCodec
                 Start 161: TestFreeRDPCodecMppc
         Could not find executable E:/git/KernelResearch/FreeRDP-master/TestFreeRDPCodec
         Looked in the following places:
         E:/git/KernelResearch/FreeRDP-master/TestFreeRDPCodec
         E:/git/KernelResearch/FreeRDP-master/TestFreeRDPCodec.exe
         E:/git/KernelResearch/FreeRDP-master/Debug/TestFreeRDPCodec
         E:/git/KernelResearch/FreeRDP-master/Debug/TestFreeRDPCodec.exe
         Debug/E:/git/KernelResearch/FreeRDP-master/TestFreeRDPCodec
         Debug/E:/git/KernelResearch/FreeRDP-master/TestFreeRDPCodec.exe
         161/173 Test #161: TestFreeRDPCodecMppc .....................***Not Run   0.00 sec
         Unable to find executable: E:/git/KernelResearch/FreeRDP-master/TestFreeRDPCodec
                 Start 162: TestFreeRDPCodecNCrush
         Could not find executable E:/git/KernelResearch/FreeRDP-master/TestFreeRDPCodec
         Looked in the following places:
         E:/git/KernelResearch/FreeRDP-master/TestFreeRDPCodec
         E:/git/KernelResearch/FreeRDP-master/TestFreeRDPCodec.exe
         E:/git/KernelResearch/FreeRDP-master/Debug/TestFreeRDPCodec
         E:/git/KernelResearch/FreeRDP-master/Debug/TestFreeRDPCodec.exe
         Debug/E:/git/KernelResearch/FreeRDP-master/TestFreeRDPCodec
         Debug/E:/git/KernelResearch/FreeRDP-master/TestFreeRDPCodec.exe
         162/173 Test #162: TestFreeRDPCodecNCrush ...................***Not Run   0.00 sec
         Unable to find executable: E:/git/KernelResearch/FreeRDP-master/TestFreeRDPCodec
                 Start 163: TestFreeRDPCodecXCrush
         Could not find executable E:/git/KernelResearch/FreeRDP-master/TestFreeRDPCodec
         Looked in the following places:
         E:/git/KernelResearch/FreeRDP-master/TestFreeRDPCodec
         E:/git/KernelResearch/FreeRDP-master/TestFreeRDPCodec.exe
         E:/git/KernelResearch/FreeRDP-master/Debug/TestFreeRDPCodec
         E:/git/KernelResearch/FreeRDP-master/Debug/TestFreeRDPCodec.exe
         Debug/E:/git/KernelResearch/FreeRDP-master/TestFreeRDPCodec
         Debug/E:/git/KernelResearch/FreeRDP-master/TestFreeRDPCodec.exe
         163/173 Test #163: TestFreeRDPCodecXCrush ...................***Not Run   0.00 sec
         Unable to find executable: E:/git/KernelResearch/FreeRDP-master/TestFreeRDPCodec
                 Start 164: TestFreeRDPCodecZGfx
         Could not find executable E:/git/KernelResearch/FreeRDP-master/TestFreeRDPCodec
         Looked in the following places:
         E:/git/KernelResearch/FreeRDP-master/TestFreeRDPCodec
         E:/git/KernelResearch/FreeRDP-master/TestFreeRDPCodec.exe
         E:/git/KernelResearch/FreeRDP-master/Debug/TestFreeRDPCodec
         E:/git/KernelResearch/FreeRDP-master/Debug/TestFreeRDPCodec.exe
         Debug/E:/git/KernelResearch/FreeRDP-master/TestFreeRDPCodec
         Debug/E:/git/KernelResearch/FreeRDP-master/TestFreeRDPCodec.exe
         164/173 Test #164: TestFreeRDPCodecZGfx .....................***Not Run   0.00 sec
         Unable to find executable: E:/git/KernelResearch/FreeRDP-master/TestFreeRDPCodec
                 Start 165: TestFreeRDPCodecPlanar
         Could not find executable E:/git/KernelResearch/FreeRDP-master/TestFreeRDPCodec
         Looked in the following places:
         E:/git/KernelResearch/FreeRDP-master/TestFreeRDPCodec
         E:/git/KernelResearch/FreeRDP-master/TestFreeRDPCodec.exe
         E:/git/KernelResearch/FreeRDP-master/Debug/TestFreeRDPCodec
         E:/git/KernelResearch/FreeRDP-master/Debug/TestFreeRDPCodec.exe
         Debug/E:/git/KernelResearch/FreeRDP-master/TestFreeRDPCodec
         Debug/E:/git/KernelResearch/FreeRDP-master/TestFreeRDPCodec.exe
         165/173 Test #165: TestFreeRDPCodecPlanar ...................***Not Run   0.00 sec
         Unable to find executable: E:/git/KernelResearch/FreeRDP-master/TestFreeRDPCodec
                 Start 166: TestFreeRDPCodecClear
         Could not find executable E:/git/KernelResearch/FreeRDP-master/TestFreeRDPCodec
         Looked in the following places:
         E:/git/KernelResearch/FreeRDP-master/TestFreeRDPCodec
         E:/git/KernelResearch/FreeRDP-master/TestFreeRDPCodec.exe
         E:/git/KernelResearch/FreeRDP-master/Debug/TestFreeRDPCodec
         E:/git/KernelResearch/FreeRDP-master/Debug/TestFreeRDPCodec.exe
         Debug/E:/git/KernelResearch/FreeRDP-master/TestFreeRDPCodec
         Debug/E:/git/KernelResearch/FreeRDP-master/TestFreeRDPCodec.exe
         Unable to find executable: E:/git/KernelResearch/FreeRDP-master/TestFreeRDPCodec
         166/173 Test #166: TestFreeRDPCodecClear ....................***Not Run   0.00 sec
                 Start 167: TestFreeRDPCodecInterleaved
         Could not find executable E:/git/KernelResearch/FreeRDP-master/TestFreeRDPCodec
         Looked in the following places:
         E:/git/KernelResearch/FreeRDP-master/TestFreeRDPCodec
         E:/git/KernelResearch/FreeRDP-master/TestFreeRDPCodec.exe
         E:/git/KernelResearch/FreeRDP-master/Debug/TestFreeRDPCodec
         E:/git/KernelResearch/FreeRDP-master/Debug/TestFreeRDPCodec.exe
         Debug/E:/git/KernelResearch/FreeRDP-master/TestFreeRDPCodec
         Debug/E:/git/KernelResearch/FreeRDP-master/TestFreeRDPCodec.exe
         Unable to find executable: E:/git/KernelResearch/FreeRDP-master/TestFreeRDPCodec
         167/173 Test #167: TestFreeRDPCodecInterleaved ..............***Not Run   0.00 sec
                 Start 168: TestFreeRDPCodecProgressive
         Could not find executable E:/git/KernelResearch/FreeRDP-master/TestFreeRDPCodec
         Looked in the following places:
         E:/git/KernelResearch/FreeRDP-master/TestFreeRDPCodec
         E:/git/KernelResearch/FreeRDP-master/TestFreeRDPCodec.exe
         E:/git/KernelResearch/FreeRDP-master/Debug/TestFreeRDPCodec
         E:/git/KernelResearch/FreeRDP-master/Debug/TestFreeRDPCodec.exe
         Debug/E:/git/KernelResearch/FreeRDP-master/TestFreeRDPCodec
         Debug/E:/git/KernelResearch/FreeRDP-master/TestFreeRDPCodec.exe
         Unable to find executable: E:/git/KernelResearch/FreeRDP-master/TestFreeRDPCodec
         168/173 Test #168: TestFreeRDPCodecProgressive ..............***Not Run   0.00 sec
                 Start 169: TestFreeRDPCodecRemoteFX
         Could not find executable E:/git/KernelResearch/FreeRDP-master/TestFreeRDPCodec
         Looked in the following places:
         E:/git/KernelResearch/FreeRDP-master/TestFreeRDPCodec
         E:/git/KernelResearch/FreeRDP-master/TestFreeRDPCodec.exe
         E:/git/KernelResearch/FreeRDP-master/Debug/TestFreeRDPCodec
         E:/git/KernelResearch/FreeRDP-master/Debug/TestFreeRDPCodec.exe
         Debug/E:/git/KernelResearch/FreeRDP-master/TestFreeRDPCodec
         Debug/E:/git/KernelResearch/FreeRDP-master/TestFreeRDPCodec.exe
         Unable to find executable: E:/git/KernelResearch/FreeRDP-master/TestFreeRDPCodec
         169/173 Test #169: TestFreeRDPCodecRemoteFX .................***Not Run   0.00 sec
                 Start 170: TestRdTkNinePatch
         170/173 Test #170: TestRdTkNinePatch ........................   Passed    0.03 sec
                 Start 171: TestClientRdpFile
         Could not find executable E:/git/KernelResearch/FreeRDP-master/TestClient
         Looked in the following places:
         E:/git/KernelResearch/FreeRDP-master/TestClient
         E:/git/KernelResearch/FreeRDP-master/TestClient.exe
         E:/git/KernelResearch/FreeRDP-master/Debug/TestClient
         E:/git/KernelResearch/FreeRDP-master/Debug/TestClient.exe
         Debug/E:/git/KernelResearch/FreeRDP-master/TestClient
         Debug/E:/git/KernelResearch/FreeRDP-master/TestClient.exe
         Unable to find executable: E:/git/KernelResearch/FreeRDP-master/TestClient
         171/173 Test #171: TestClientRdpFile ........................***Not Run   0.00 sec
                 Start 172: TestClientChannels
         Could not find executable E:/git/KernelResearch/FreeRDP-master/TestClient
         Looked in the following places:
         E:/git/KernelResearch/FreeRDP-master/TestClient
         E:/git/KernelResearch/FreeRDP-master/TestClient.exe
         E:/git/KernelResearch/FreeRDP-master/Debug/TestClient
         E:/git/KernelResearch/FreeRDP-master/Debug/TestClient.exe
         Debug/E:/git/KernelResearch/FreeRDP-master/TestClient
         Debug/E:/git/KernelResearch/FreeRDP-master/TestClient.exe
         Unable to find executable: E:/git/KernelResearch/FreeRDP-master/TestClient
         172/173 Test #172: TestClientChannels .......................***Not Run   0.00 sec
                 Start 173: TestClientCmdLine
         Could not find executable E:/git/KernelResearch/FreeRDP-master/TestClient
         Looked in the following places:
         E:/git/KernelResearch/FreeRDP-master/TestClient
         E:/git/KernelResearch/FreeRDP-master/TestClient.exe
         E:/git/KernelResearch/FreeRDP-master/Debug/TestClient
         E:/git/KernelResearch/FreeRDP-master/Debug/TestClient.exe
         Debug/E:/git/KernelResearch/FreeRDP-master/TestClient
         Debug/E:/git/KernelResearch/FreeRDP-master/TestClient.exe
         Unable to find executable: E:/git/KernelResearch/FreeRDP-master/TestClient
         173/173 Test #173: TestClientCmdLine ........................***Not Run   0.00 sec
         
         82% tests passed, 32 tests failed out of 173
         
         Total Test time (real) = 177.24 sec
         
         The following tests FAILED:
         	 36 - TestCryptoHash (Not Run)
         	 37 - TestCryptoRand (Not Run)
         	 38 - TestCryptoCipher (Not Run)
         	 39 - TestCryptoProtectData (Not Run)
         	 40 - TestCryptoProtectMemory (Not Run)
         	 41 - TestCryptoCertEnumCertificatesInStore (Not Run)
         	 84 - TestWLogCallback (Failed)
         	105 - TestQuerySecurityPackageInfo (Not Run)
         	106 - TestEnumerateSecurityPackages (Not Run)
         	107 - TestInitializeSecurityContext (Not Run)
         	108 - TestAcquireCredentialsHandle (Not Run)
         	109 - TestCredSSP (Not Run)
         	110 - TestNTLM (Not Run)
         	130 - TestCredUIPromptForCredentials (Failed)
         	131 - TestCredUICmdLinePromptForCredentials (Failed)
         	147 - TestCommonAssistance (Not Run)
         	151 - TestGdiBitBlt (Failed)
         	158 - TestVersion (Not Run)
         	159 - TestSettings (Not Run)
         	160 - TestFreeRDPRegion (Not Run)
         	161 - TestFreeRDPCodecMppc (Not Run)
         	162 - TestFreeRDPCodecNCrush (Not Run)
         	163 - TestFreeRDPCodecXCrush (Not Run)
         	164 - TestFreeRDPCodecZGfx (Not Run)
         	165 - TestFreeRDPCodecPlanar (Not Run)
         	166 - TestFreeRDPCodecClear (Not Run)
         	167 - TestFreeRDPCodecInterleaved (Not Run)
         	168 - TestFreeRDPCodecProgressive (Not Run)
         	169 - TestFreeRDPCodecRemoteFX (Not Run)
         	171 - TestClientRdpFile (Not Run)
         	172 - TestClientChannels (Not Run)
         	173 - TestClientCmdLine (Not Run)
         Performing coverage
          Cannot find any coverage files. Ignoring Coverage request.
         Submit files
            SubmitURL: http://
            Submit failed, waiting 5 seconds...
            Retry submission: Attempt 1 of 3
            Submit failed, waiting 5 seconds...
     1>C:\Program Files (x86)\MSBuild\Microsoft.Cpp\v4.0\V120\Microsoft.CppCommon.targets(170,5): warning MSB4220: 等待当前正在执行的任务“CustomBuild”取消。
            Retry submission: Attempt 2 of 3
            Submit failed, waiting 5 seconds...
            Retry submission: Attempt 3 of 3
            Error when uploading file: E:/git/KernelResearch/FreeRDP-master/Testing/20200119-0641/Configure.xml
            Error message was: 
            Problems when submitting via HTTP
         Errors while running CTest
     1>C:\Program Files (x86)\MSBuild\Microsoft.Cpp\v4.0\V120\Microsoft.CppCommon.targets(170,5): error MSB6006: “cmd.exe”已退出，代码为 72。
     1>已完成生成项目“E:\git\KernelResearch\FreeRDP-master\Experimental.vcxproj”(Build 个目标)的操作 - 失败。

生成失败。

已用时间 00:03:54.24
